Error: near line 507: no such table: continent
Error: near line 521: no such table: continent
Error: near line 583: no such table: language
Error: near line 657: no such table: language
Error: near line 720: no such table: currency
Error: near line 787: no such table: currency
Error: near line 849: no such table: timezone
Error: near line 938: no such table: timezone
Error: near line 999: no such table: enum_education_level
Error: near line 1015: no such table: enum_education_level
Error: near line 1075: no such table: enum_marks_type
Error: near line 1094: no such table: enum_marks_type
Error: near line 1154: no such table: enum_skill_level
Error: near line 1166: no such table: enum_skill_level
Error: near line 1226: no such table: popular_skill
Error: near line 1624: no such table: popular_skill
Error: near line 1955: no such table: enum_entity_permission_type
Error: near line 2103: no such table: country
Error: near line 2191: no such table: country
Error: near line 2344: no such table: state
Error: near line 2362: no such table: state
Error: near line 2472: no such table: district
Error: near line 2503: no such table: district
Error: near line 2633: no such table: city
Error: near line 2656: no such table: city
Error: near line 14: no such table: process_graph
Error: near line 43: no such table: process_node
Error: near line 58: no such table: process_node
Error: near line 82: no such table: process_node
Error: near line 104: no such table: process_node
Error: near line 119: no such table: process_node
Error: near line 141: no such table: process_node
Error: near line 162: no such table: process_node
Error: near line 181: no such table: process_edge
Error: near line 195: no such table: process_edge
Error: near line 212: no such table: process_edge
Error: near line 229: no such table: process_edge
Error: near line 246: no such table: process_edge
Error: near line 261: no such table: process_edge
Error: near line 276: no such table: process_edge
Error: near line 293: no such table: process_edge
Error: near line 310: no such table: process_edge
Error: near line 331: no such table: process_edge_condition
Error: near line 356: no such table: process_graph
Error: near line 385: no such table: process_node
Error: near line 400: no such table: process_node
Error: near line 421: no such table: process_node
Error: near line 442: no such table: process_node
Error: near line 463: no such table: process_node
Error: near line 484: no such table: process_node
Error: near line 506: no such table: process_node
Error: near line 527: no such table: process_node
Error: near line 548: no such table: process_node
Error: near line 569: no such table: process_node
Error: near line 590: no such table: process_node
Error: near line 609: no such table: process_edge
Error: near line 623: no such table: process_edge
Error: near line 640: no such table: process_edge
Error: near line 657: no such table: process_edge
Error: near line 674: no such table: process_edge
Error: near line 691: no such table: process_edge
Error: near line 708: no such table: process_edge
Error: near line 725: no such table: process_edge
Error: near line 742: no such table: process_edge
Error: near line 759: no such table: process_edge
Error: near line 784: no such table: process_graph
Error: near line 813: no such table: process_node
Error: near line 828: no such table: process_node
Error: near line 849: no such table: process_node
Error: near line 870: no such table: process_node
Error: near line 891: no such table: process_node
Error: near line 912: no such table: process_node
Error: near line 933: no such table: process_node
Error: near line 954: no such table: process_node
Error: near line 975: no such table: process_node
Error: near line 996: no such table: process_node
Error: near line 1015: no such table: process_edge
Error: near line 1029: no such table: process_edge
Error: near line 1046: no such table: process_edge
Error: near line 1063: no such table: process_edge
Error: near line 1080: no such table: process_edge
Error: near line 1097: no such table: process_edge
Error: near line 1114: no such table: process_edge
Error: near line 1131: no such table: process_edge
Error: near line 1148: no such table: process_edge
Error: near line 1174: no such table: process_graph
Error: near line 1203: no such table: process_node
Error: near line 1218: no such table: process_node
Error: near line 1239: no such table: process_node
Error: near line 1260: no such table: process_node
Error: near line 1281: no such table: process_node
Error: near line 1302: no such table: process_node
Error: near line 1323: no such table: process_node
Error: near line 1344: no such table: process_node
Error: near line 1365: no such table: process_node
Error: near line 1386: no such table: process_node
Error: near line 1407: no such table: process_node
Error: near line 1426: no such table: process_edge
Error: near line 1440: no such table: process_edge
Error: near line 1455: no such table: process_edge
Error: near line 1470: no such table: process_edge
Error: near line 1485: no such table: process_edge
Error: near line 1500: no such table: process_edge
Error: near line 1515: no such table: process_edge
Error: near line 1530: no such table: process_edge
Error: near line 1545: no such table: process_edge
Error: near line 1560: no such table: process_edge
Error: near line 1575: no such table: process_edge
Error: near line 1589: no such table: process_edge
Error: near line 1604: no such table: process_edge
Error: near line 1625: no such table: process_graph
Error: near line 1638: no such table: process_node
Error: near line 1651: no such table: process_edge
Error: near line 1669: no such table: process_graph
Error: near line 1682: no such table: process_node
Error: near line 1696: no such table: process_edge
Error: near line 1716: no such table: process_graph
Error: near line 1729: no such table: process_node
Error: near line 1743: no such table: process_edge
Error: near line 1763: no such table: process_graph
Error: near line 1776: no such table: process_node
Error: near line 1787: no such table: process_edge
Error: near line 1804: no such table: process_graph
Error: near line 1817: no such table: process_node
Error: near line 1830: no such table: process_edge
Error: near line 1848: no such table: process_graph
Error: near line 1861: no such table: process_node
Error: near line 1874: no such table: process_edge
Error: near line 1892: no such table: process_graph
Error: near line 1905: no such table: process_node
Error: near line 1917: no such table: process_edge
Error: near line 1936: no such table: process_graph
Error: near line 1949: no such table: process_node
Error: near line 1963: no such table: process_edge
Error: near line 1983: no such table: process_graph
Error: near line 1996: no such table: process_node
Error: near line 2008: no such table: process_edge
Error: near line 2029: no such table: process_graph
Error: near line 2042: no such table: process_node
Error: near line 2057: no such table: process_edge
Error: near line 2079: no such table: process_graph
Error: near line 2092: no such table: process_node
Error: near line 2107: no such table: process_edge
Error: near line 2132: no such table: process_graph
Error: near line 2145: no such table: process_node
Error: near line 2158: no such table: process_edge
Error: near line 2179: no such table: process_graph
Error: near line 2192: no such table: process_node
Error: near line 2209: no such table: process_edge
Error: near line 2231: no such table: process_graph
Error: near line 2244: no such table: process_node
Error: near line 2262: no such table: process_edge
Error: near line 2285: no such table: process_graph
Error: near line 2298: no such table: process_node
Error: near line 2313: no such table: process_edge
Error: near line 2336: no such table: process_graph
Error: near line 2349: no such table: process_node
Error: near line 2365: no such table: process_edge
